<?xml version="1.0" encoding="UTF-8"?>
<!-- Generated by org.testng.reporters.JUnitXMLReporter -->
<testsuite ignored="11" hostname="DESKTOP-PSPSINS" failures="2" tests="9" name="SmokeTest1" time="132.975" errors="0" timestamp="2022-03-31T22:09:56 IST">
  <testcase classname="com.testScenarios.BasicFunctionalityTest" name="verifyHomeTitle" time="0.395"/>
  <testcase classname="com.testScenarios.BasicFunctionalityTest" name="navigateToFreeListing" time="20.458"/>
  <testcase classname="com.testScenarios.BasicFunctionalityTest" name="navigateToCustomerCare" time="6.211">
    <failure type="org.openqa.selenium.NoSuchElementException" message="Cannot locate an element using xpath=//a[@class=&amp;apos;cscare &amp;apos;]
For documentation on this error, please visit: https://www.seleniumhq.org/exceptions/no_such_element.html
Build info: version: &amp;apos;3.141.59&amp;apos;, revision: &amp;apos;e82be7d358&amp;apos;, time: &amp;apos;2018-11-14T08:17:03&amp;apos;
System info: host: &amp;apos;DESKTOP-PSPSINS&amp;apos;, ip: &amp;apos;192.168.31.104&amp;apos;, os.name: &amp;apos;Windows 10&amp;apos;, os.arch: &amp;apos;amd64&amp;apos;, os.version: &amp;apos;10.0&amp;apos;, java.version: &amp;apos;17.0.1&amp;apos;
Driver info: driver.version: RemoteWebDriver">
      <![CDATA[org.openqa.selenium.NoSuchElementException: Cannot locate an element using xpath=//a[@class='cscare ']
For documentation on this error, please visit: https://www.seleniumhq.org/exceptions/no_such_element.html
Build info: version: '3.141.59', revision: 'e82be7d358', time: '2018-11-14T08:17:03'
System info: host: 'DESKTOP-PSPSINS', ip: '192.168.31.104', os.name: 'Windows 10', os.arch: 'amd64', os.version: '10.0', java.version: '17.0.1'
Driver info: driver.version: RemoteWebDriver
at org.openqa.selenium.remote.RemoteWebDriver.findElement(RemoteWebDriver.java:327)
at org.openqa.selenium.remote.RemoteWebDriver.findElementByXPath(RemoteWebDriver.java:428)
at org.openqa.selenium.By$ByXPath.findElement(By.java:353)
at org.openqa.selenium.remote.RemoteWebDriver.findElement(RemoteWebDriver.java:315)
at com.mainObjectRepository.BasePage.getCustomerCareBtn(BasePage.java:43)
at com.mainObjectFunctions.CustomerCarePageFunction.navigateToCustomerCare(CustomerCarePageFunction.java:11)
at com.testScenarios.BasicFunctionalityTest.navigateToCustomerCare(BasicFunctionalityTest.java:84)
at java.base/java.util.ArrayList.forEach(ArrayList.java:1511)
... Removed 27 stack frames]]>
    </failure>
  </testcase> <!-- navigateToCustomerCare -->
  <testcase classname="com.testScenarios.BasicFunctionalityTest" name="navigateToSocial" time="0.034">
    <failure type="org.openqa.selenium.NoSuchWindowException" message="no such window: target window already closed
from unknown error: web view not found
  (Session info: chrome=99.0.4844.84)
Build info: version: &amp;apos;3.141.59&amp;apos;, revision: &amp;apos;e82be7d358&amp;apos;, time: &amp;apos;2018-11-14T08:17:03&amp;apos;
System info: host: &amp;apos;DESKTOP-PSPSINS&amp;apos;, ip: &amp;apos;192.168.31.104&amp;apos;, os.name: &amp;apos;Windows 10&amp;apos;, os.arch: &amp;apos;amd64&amp;apos;, os.version: &amp;apos;10.0&amp;apos;, java.version: &amp;apos;17.0.1&amp;apos;
Driver info: org.openqa.selenium.chrome.ChromeDriver
Capabilities {acceptInsecureCerts: false, browserName: chrome, browserVersion: 99.0.4844.84, chrome: {chromedriverVersion: 99.0.4844.51 (d537ec02474b5..., userDataDir: C:\Users\chowd\AppData\Loca...}, goog:chromeOptions: {debuggerAddress: localhost:51743}, javascriptEnabled: true, networkConnectionEnabled: false, pageLoadStrategy: normal, platform: WINDOWS, platformName: WINDOWS, proxy: Proxy(), setWindowRect: true, strictFileInteractability: false, timeouts: {implicit: 0, pageLoad: 300000, script: 30000}, unhandledPromptBehavior: dismiss and notify, webauthn:extension:credBlob: true, webauthn:extension:largeBlob: true, webauthn:virtualAuthenticators: true}
Session ID: e1da5a0bb72a3278db7e5b68aa2f1d3b
*** Element info: {Using=xpath, value=//a[@class=&amp;apos;jdscl &amp;apos;]}">
      <![CDATA[org.openqa.selenium.NoSuchWindowException: no such window: target window already closed
from unknown error: web view not found
  (Session info: chrome=99.0.4844.84)
Build info: version: '3.141.59', revision: 'e82be7d358', time: '2018-11-14T08:17:03'
System info: host: 'DESKTOP-PSPSINS', ip: '192.168.31.104', os.name: 'Windows 10', os.arch: 'amd64', os.version: '10.0', java.version: '17.0.1'
Driver info: org.openqa.selenium.chrome.ChromeDriver
Capabilities {acceptInsecureCerts: false, browserName: chrome, browserVersion: 99.0.4844.84, chrome: {chromedriverVersion: 99.0.4844.51 (d537ec02474b5..., userDataDir: C:\Users\chowd\AppData\Loca...}, goog:chromeOptions: {debuggerAddress: localhost:51743}, javascriptEnabled: true, networkConnectionEnabled: false, pageLoadStrategy: normal, platform: WINDOWS, platformName: WINDOWS, proxy: Proxy(), setWindowRect: true, strictFileInteractability: false, timeouts: {implicit: 0, pageLoad: 300000, script: 30000}, unhandledPromptBehavior: dismiss and notify, webauthn:extension:credBlob: true, webauthn:extension:largeBlob: true, webauthn:virtualAuthenticators: true}
Session ID: e1da5a0bb72a3278db7e5b68aa2f1d3b
*** Element info: {Using=xpath, value=//a[@class='jdscl ']}
at org.openqa.selenium.remote.http.W3CHttpResponseCodec.createException(W3CHttpResponseCodec.java:187)
at org.openqa.selenium.remote.http.W3CHttpResponseCodec.decode(W3CHttpResponseCodec.java:122)
at org.openqa.selenium.remote.http.W3CHttpResponseCodec.decode(W3CHttpResponseCodec.java:49)
at org.openqa.selenium.remote.HttpCommandExecutor.execute(HttpCommandExecutor.java:158)
at org.openqa.selenium.remote.service.DriverCommandExecutor.execute(DriverCommandExecutor.java:83)
at org.openqa.selenium.remote.RemoteWebDriver.execute(RemoteWebDriver.java:552)
at org.openqa.selenium.remote.RemoteWebDriver.findElement(RemoteWebDriver.java:323)
at org.openqa.selenium.remote.RemoteWebDriver.findElementByXPath(RemoteWebDriver.java:428)
at org.openqa.selenium.By$ByXPath.findElement(By.java:353)
at org.openqa.selenium.remote.RemoteWebDriver.findElement(RemoteWebDriver.java:315)
at com.mainObjectRepository.BasePage.getSocialBtn(BasePage.java:47)
at com.mainObjectFunctions.SocialPageFunctions.navigateToSocial(SocialPageFunctions.java:11)
at com.testScenarios.BasicFunctionalityTest.navigateToSocial(BasicFunctionalityTest.java:105)
at java.base/java.util.ArrayList.forEach(ArrayList.java:1511)
... Removed 32 stack frames]]>
    </failure>
  </testcase> <!-- navigateToSocial -->
  <testcase classname="com.testScenarios.CarWashServices" name="verifyHomeTitle" time="0.287"/>
  <testcase classname="com.testScenarios.CarWashServices" name="returnToHomePage" time="0.097"/>
  <testcase classname="com.testScenarios.GymSubMenuItems" name="clickFitnessLink" time="2.113"/>
  <testcase classname="com.testScenarios.GymSubMenuItems" name="clickGymLink" time="34.452"/>
  <testcase classname="com.testScenarios.GymSubMenuItems" name="backToHome" time="34.39"/>
  <testcase classname="com.testScenarios.FreeListing" name="fillFormValues" time="0.0">
    <ignored/>
  </testcase> <!-- fillFormValues -->
  <testcase classname="com.testScenarios.GymSubMenuItems" name="subItems" time="0.0">
    <ignored/>
  </testcase> <!-- subItems -->
  <testcase classname="com.testScenarios.CarWashServices" name="clickSearchButton" time="0.0">
    <ignored/>
  </testcase> <!-- clickSearchButton -->
  <testcase classname="com.testScenarios.CarWashServices" name="clickSearchTextBox" time="0.0">
    <ignored/>
  </testcase> <!-- clickSearchTextBox -->
  <testcase classname="com.testScenarios.FreeListing" name="submitForm" time="0.0">
    <ignored/>
  </testcase> <!-- submitForm -->
  <testcase classname="com.testScenarios.FreeListing" name="clickFreeListingLink" time="0.0">
    <ignored/>
  </testcase> <!-- clickFreeListingLink -->
  <testcase classname="com.testScenarios.CarWashServices" name="clickLocationButton" time="0.0">
    <ignored/>
  </testcase> <!-- clickLocationButton -->
  <testcase classname="com.testScenarios.CarWashServices" name="getSearchResults" time="0.0">
    <ignored/>
  </testcase> <!-- getSearchResults -->
  <testcase classname="com.testScenarios.CarWashServices" name="enterService" time="0.0">
    <ignored/>
  </testcase> <!-- enterService -->
  <testcase classname="com.testScenarios.CarWashServices" name="chooseLocation" time="0.0">
    <ignored/>
  </testcase> <!-- chooseLocation -->
  <testcase classname="com.testScenarios.CarWashServices" name="verifyCarWashingTitle" time="0.0">
    <ignored/>
  </testcase> <!-- verifyCarWashingTitle -->
</testsuite> <!-- SmokeTest1 -->
